<?xml version="1.0" encoding="UTF-8"?>
<!-- Generated by org.testng.reporters.JUnitReportReporter -->
<testsuite skipped="0" hostname="Neha-PC" name="mercurryTools.mavenmercurytools.AppTest" tests="1" failures="0" timestamp="14 Aug 2018 05:34:34 GMT" time="0.036" errors="0">
  <testcase name="testApp" time="0.036" classname="mercurryTools.mavenmercurytools.AppTest"/>
</testsuite> <!-- mercurryTools.mavenmercurytools.AppTest -->
