<?xml version="1.0" encoding="UTF-8"?>
<!-- Generated by org.testng.reporters.JUnitReportReporter -->
<testsuite skipped="0" hostname="Neha-PC" name="mercurryTools.mavenmercurytools.mercurytools1" tests="5" failures="0" timestamp="14 Aug 2018 05:37:09 GMT" time="45.247" errors="1">
  <testcase name="openbrowser" time="22.781" classname="mercurryTools.mavenmercurytools.mercurytools1"/>
  <testcase name="EnterApplication" time="5.254" classname="mercurryTools.mavenmercurytools.mercurytools1"/>
  <testcase name="maximizebrowser" time="1.231" classname="mercurryTools.mavenmercurytools.mercurytools1"/>
  <testcase name="login" time="15.361" classname="mercurryTools.mavenmercurytools.mercurytools1"/>
  <testcase name="invalidLogin" time="0.620" classname="mercurryTools.mavenmercurytools.mercurytools1">
    <error type="java.lang.NullPointerException">
      <![CDATA[java.lang.NullPointerException
at mercurryTools.mavenmercurytools.mercurytools1.invalidLogin(mercurytools1.java:93)
at sun.reflect.NativeMethodAccessorImpl.invoke0(Native Method)
at sun.reflect.NativeMethodAccessorImpl.invoke(Unknown Source)
at sun.reflect.DelegatingMethodAccessorImpl.invoke(Unknown Source)
at java.lang.reflect.Method.invoke(Unknown Source)
at org.testng.internal.MethodInvocationHelper.invokeMethod(MethodInvocationHelper.java:124)
at org.testng.internal.Invoker.invokeMethod(Invoker.java:583)
at org.testng.internal.Invoker.invokeTestMethod(Invoker.java:719)
at org.testng.internal.Invoker.invokeTestMethods(Invoker.java:989)
at org.testng.internal.TestMethodWorker.invokeTestMethods(TestMethodWorker.java:125)
at org.testng.internal.TestMethodWorker.run(TestMethodWorker.java:109)
at org.testng.TestRunner.privateRun(TestRunner.java:648)
at org.testng.TestRunner.run(TestRunner.java:505)
at org.testng.SuiteRunner.runTest(SuiteRunner.java:455)
at org.testng.SuiteRunner.runSequentially(SuiteRunner.java:450)
at org.testng.SuiteRunner.privateRun(SuiteRunner.java:415)
at org.testng.SuiteRunner.run(SuiteRunner.java:364)
at org.testng.SuiteRunnerWorker.runSuite(SuiteRunnerWorker.java:52)
at org.testng.SuiteRunnerWorker.run(SuiteRunnerWorker.java:84)
at org.testng.TestNG.runSuitesSequentially(TestNG.java:1208)
at org.testng.TestNG.runSuitesLocally(TestNG.java:1137)
at org.testng.TestNG.runSuites(TestNG.java:1049)
at org.testng.TestNG.run(TestNG.java:1017)
at org.testng.remote.AbstractRemoteTestNG.run(AbstractRemoteTestNG.java:114)
at org.testng.remote.RemoteTestNG.initAndRun(RemoteTestNG.java:251)
at org.testng.remote.RemoteTestNG.main(RemoteTestNG.java:77)
]]>
    </error>
  </testcase> <!-- invalidLogin -->
</testsuite> <!-- mercurryTools.mavenmercurytools.mercurytools1 -->
